# JRE version: OpenJDK Runtime Environment Temurin-17.0.8.1+1 (17.0.8.1+1) (build 17.0.8.1+1)
# Java VM: OpenJDK 64-Bit Server VM Temurin-17.0.8.1+1 (17.0.8.1+1, mixed mode, sharing, tiered, compressed oops, compressed class ptrs, g1 gc, windows-amd64)
GC Precious Log:
 CPUs: 12 total, 12 available
 Memory: 15693M
 Large Page Support: Disabled
 NUMA Support: Disabled
 Compressed Oops: Enabled (Zero based)
 Heap Region Size: 2M
 Heap Min Capacity: 8M
 Heap Initial Capacity: 246M
 Heap Max Capacity: 3924M
 Pre-touch: Disabled
 Parallel Workers: 10
 Concurrent Workers: 3
 Concurrent Refinement Workers: 10
 Periodic GC: Disabled
Heap:
 garbage-first heap   total 253952K, used 60609K [0x000000070ac00000, 0x0000000800000000)
  region size 2048K, 3 young (6144K), 1 survivors (2048K)
 Metaspace       used 29340K, committed 29568K, reserved 1114112K
  class space    used 2347K, committed 2432K, reserved 1048576K
GC Heap History (20 events):
Event: 31.378 GC heap before
{Heap before GC invocations=40 (full 0):
 garbage-first heap   total 253952K, used 162980K [0x000000070ac00000, 0x0000000800000000)
  region size 2048K, 26 young (53248K), 1 survivors (2048K)
 Metaspace       used 29228K, committed 29440K, reserved 1114112K
  class space    used 2347K, committed 2432K, reserved 1048576K
}
Event: 31.380 GC heap after
{Heap after GC invocations=41 (full 0):
 garbage-first heap   total 253952K, used 50338K [0x000000070ac00000, 0x0000000800000000)
  region size 2048K, 1 young (2048K), 1 survivors (2048K)
 Metaspace       used 29228K, committed 29440K, reserved 1114112K
  class space    used 2347K, committed 2432K, reserved 1048576K
}
Event: 32.299 GC heap before
{Heap before GC invocations=41 (full 0):
 garbage-first heap   total 253952K, used 162978K [0x000000070ac00000, 0x0000000800000000)
  region size 2048K, 26 young (53248K), 1 survivors (2048K)
 Metaspace       used 29299K, committed 29504K, reserved 1114112K
  class space    used 2347K, committed 2432K, reserved 1048576K
}
Event: 32.301 GC heap after
{Heap after GC invocations=42 (full 0):
 garbage-first heap   total 253952K, used 50341K [0x000000070ac00000, 0x0000000800000000)
  region size 2048K, 1 young (2048K), 1 survivors (2048K)
 Metaspace       used 29299K, committed 29504K, reserved 1114112K
  class space    used 2347K, committed 2432K, reserved 1048576K
}
Event: 33.259 GC heap before
{Heap before GC invocations=42 (full 0):
 garbage-first heap   total 253952K, used 162981K [0x000000070ac00000, 0x0000000800000000)
  region size 2048K, 26 young (53248K), 1 survivors (2048K)
 Metaspace       used 29302K, committed 29504K, reserved 1114112K
  class space    used 2347K, committed 2432K, reserved 1048576K
}
Event: 33.261 GC heap after
{Heap after GC invocations=43 (full 0):
 garbage-first heap   total 253952K, used 50360K [0x000000070ac00000, 0x0000000800000000)
  region size 2048K, 1 young (2048K), 1 survivors (2048K)
 Metaspace       used 29302K, committed 29504K, reserved 1114112K
  class space    used 2347K, committed 2432K, reserved 1048576K
}
Event: 34.208 GC heap before
{Heap before GC invocations=43 (full 0):
 garbage-first heap   total 253952K, used 163000K [0x000000070ac00000, 0x0000000800000000)
  region size 2048K, 26 young (53248K), 1 survivors (2048K)
 Metaspace       used 29305K, committed 29504K, reserved 1114112K
  class space    used 2347K, committed 2432K, reserved 1048576K
}
Event: 34.210 GC heap after
{Heap after GC invocations=44 (full 0):
 garbage-first heap   total 253952K, used 50334K [0x000000070ac00000, 0x0000000800000000)
  region size 2048K, 1 young (2048K), 1 survivors (2048K)
 Metaspace       used 29305K, committed 29504K, reserved 1114112K
  class space    used 2347K, committed 2432K, reserved 1048576K
}
Event: 35.164 GC heap before
{Heap before GC invocations=44 (full 0):
 garbage-first heap   total 253952K, used 162974K [0x000000070ac00000, 0x0000000800000000)
  region size 2048K, 26 young (53248K), 1 survivors (2048K)
 Metaspace       used 29305K, committed 29504K, reserved 1114112K
  class space    used 2347K, committed 2432K, reserved 1048576K
}
Event: 35.166 GC heap after
{Heap after GC invocations=45 (full 0):
 garbage-first heap   total 253952K, used 50332K [0x000000070ac00000, 0x0000000800000000)
  region size 2048K, 1 young (2048K), 1 survivors (2048K)
 Metaspace       used 29305K, committed 29504K, reserved 1114112K
  class space    used 2347K, committed 2432K, reserved 1048576K
}
Event: 36.116 GC heap before
{Heap before GC invocations=45 (full 0):
 garbage-first heap   total 253952K, used 162972K [0x000000070ac00000, 0x0000000800000000)
  region size 2048K, 26 young (53248K), 1 survivors (2048K)
 Metaspace       used 29309K, committed 29504K, reserved 1114112K
  class space    used 2347K, committed 2432K, reserved 1048576K
}
Event: 36.117 GC heap after
{Heap after GC invocations=46 (full 0):
 garbage-first heap   total 253952K, used 50336K [0x000000070ac00000, 0x0000000800000000)
  region size 2048K, 1 young (2048K), 1 survivors (2048K)
 Metaspace       used 29309K, committed 29504K, reserved 1114112K
  class space    used 2347K, committed 2432K, reserved 1048576K
}
Event: 37.076 GC heap before
{Heap before GC invocations=46 (full 0):
 garbage-first heap   total 253952K, used 162976K [0x000000070ac00000, 0x0000000800000000)
  region size 2048K, 26 young (53248K), 1 survivors (2048K)
 Metaspace       used 29309K, committed 29504K, reserved 1114112K
  class space    used 2347K, committed 2432K, reserved 1048576K
}
Event: 37.077 GC heap after
{Heap after GC invocations=47 (full 0):
 garbage-first heap   total 253952K, used 50342K [0x000000070ac00000, 0x0000000800000000)
  region size 2048K, 1 young (2048K), 1 survivors (2048K)
 Metaspace       used 29309K, committed 29504K, reserved 1114112K
  class space    used 2347K, committed 2432K, reserved 1048576K
}
Event: 37.938 GC heap before
{Heap before GC invocations=47 (full 0):
 garbage-first heap   total 253952K, used 128166K [0x000000070ac00000, 0x0000000800000000)
  region size 2048K, 9 young (18432K), 1 survivors (2048K)
 Metaspace       used 29309K, committed 29504K, reserved 1114112K
  class space    used 2347K, committed 2432K, reserved 1048576K
}
Event: 37.940 GC heap after
{Heap after GC invocations=48 (full 0):
 garbage-first heap   total 253952K, used 50343K [0x000000070ac00000, 0x0000000800000000)
  region size 2048K, 1 young (2048K), 1 survivors (2048K)
 Metaspace       used 29309K, committed 29504K, reserved 1114112K
  class space    used 2347K, committed 2432K, reserved 1048576K
}
Event: 38.746 GC heap before
{Heap before GC invocations=48 (full 0):
 garbage-first heap   total 253952K, used 115879K [0x000000070ac00000, 0x0000000800000000)
  region size 2048K, 2 young (4096K), 1 survivors (2048K)
 Metaspace       used 29309K, committed 29504K, reserved 1114112K
  class space    used 2347K, committed 2432K, reserved 1048576K
}
Event: 38.748 GC heap after
{Heap after GC invocations=49 (full 0):
 garbage-first heap   total 253952K, used 50347K [0x000000070ac00000, 0x0000000800000000)
  region size 2048K, 1 young (2048K), 1 survivors (2048K)
 Metaspace       used 29309K, committed 29504K, reserved 1114112K
  class space    used 2347K, committed 2432K, reserved 1048576K
}
Event: 39.574 GC heap before
{Heap before GC invocations=49 (full 0):
 garbage-first heap   total 253952K, used 117931K [0x000000070ac00000, 0x0000000800000000)
  region size 2048K, 3 young (6144K), 1 survivors (2048K)
 Metaspace       used 29340K, committed 29568K, reserved 1114112K
  class space    used 2347K, committed 2432K, reserved 1048576K
}
Event: 39.575 GC heap after
{Heap after GC invocations=50 (full 0):
 garbage-first heap   total 253952K, used 50369K [0x000000070ac00000, 0x0000000800000000)
  region size 2048K, 1 young (2048K), 1 survivors (2048K)
 Metaspace       used 29340K, committed 29568K, reserved 1114112K
  class space    used 2347K, committed 2432K, reserved 1048576K
}

