# JRE version: OpenJDK Runtime Environment Temurin-17.0.8.1+1 (17.0.8.1+1) (build 17.0.8.1+1)
# Java VM: OpenJDK 64-Bit Server VM Temurin-17.0.8.1+1 (17.0.8.1+1, mixed mode, sharing, tiered, compressed oops, compressed class ptrs, g1 gc, windows-amd64)
GC Precious Log:
 CPUs: 12 total, 12 available
 Memory: 15693M
 Large Page Support: Disabled
 NUMA Support: Disabled
 Compressed Oops: Enabled (Zero based)
 Heap Region Size: 2M
 Heap Min Capacity: 8M
 Heap Initial Capacity: 246M
 Heap Max Capacity: 3924M
 Pre-touch: Disabled
 Parallel Workers: 10
 Concurrent Workers: 3
 Concurrent Refinement Workers: 10
 Periodic GC: Disabled
Heap:
 garbage-first heap   total 178176K, used 58599K [0x000000070ac00000, 0x0000000800000000)
  region size 2048K, 2 young (4096K), 1 survivors (2048K)
 Metaspace       used 29255K, committed 29440K, reserved 1114112K
  class space    used 2340K, committed 2432K, reserved 1048576K
GC Heap History (20 events):
Event: 74.468 GC heap before
{Heap before GC invocations=196 (full 0):
 garbage-first heap   total 178176K, used 78643K [0x000000070ac00000, 0x0000000800000000)
  region size 2048K, 2 young (4096K), 1 survivors (2048K)
 Metaspace       used 28957K, committed 29184K, reserved 1114112K
  class space    used 2304K, committed 2432K, reserved 1048576K
}
Event: 74.469 GC heap after
{Heap after GC invocations=197 (full 0):
 garbage-first heap   total 178176K, used 49973K [0x000000070ac00000, 0x0000000800000000)
  region size 2048K, 1 young (2048K), 1 survivors (2048K)
 Metaspace       used 28957K, committed 29184K, reserved 1114112K
  class space    used 2304K, committed 2432K, reserved 1048576K
}
Event: 74.817 GC heap before
{Heap before GC invocations=197 (full 0):
 garbage-first heap   total 178176K, used 78645K [0x000000070ac00000, 0x0000000800000000)
  region size 2048K, 2 young (4096K), 1 survivors (2048K)
 Metaspace       used 28957K, committed 29184K, reserved 1114112K
  class space    used 2304K, committed 2432K, reserved 1048576K
}
Event: 74.818 GC heap after
{Heap after GC invocations=198 (full 0):
 garbage-first heap   total 178176K, used 49971K [0x000000070ac00000, 0x0000000800000000)
  region size 2048K, 1 young (2048K), 1 survivors (2048K)
 Metaspace       used 28957K, committed 29184K, reserved 1114112K
  class space    used 2304K, committed 2432K, reserved 1048576K
}
Event: 75.161 GC heap before
{Heap before GC invocations=198 (full 0):
 garbage-first heap   total 178176K, used 78643K [0x000000070ac00000, 0x0000000800000000)
  region size 2048K, 2 young (4096K), 1 survivors (2048K)
 Metaspace       used 28957K, committed 29184K, reserved 1114112K
  class space    used 2304K, committed 2432K, reserved 1048576K
}
Event: 75.162 GC heap after
{Heap after GC invocations=199 (full 0):
 garbage-first heap   total 178176K, used 49974K [0x000000070ac00000, 0x0000000800000000)
  region size 2048K, 1 young (2048K), 1 survivors (2048K)
 Metaspace       used 28957K, committed 29184K, reserved 1114112K
  class space    used 2304K, committed 2432K, reserved 1048576K
}
Event: 75.505 GC heap before
{Heap before GC invocations=199 (full 0):
 garbage-first heap   total 178176K, used 78646K [0x000000070ac00000, 0x0000000800000000)
  region size 2048K, 2 young (4096K), 1 survivors (2048K)
 Metaspace       used 28957K, committed 29184K, reserved 1114112K
  class space    used 2304K, committed 2432K, reserved 1048576K
}
Event: 75.506 GC heap after
{Heap after GC invocations=200 (full 0):
 garbage-first heap   total 178176K, used 49976K [0x000000070ac00000, 0x0000000800000000)
  region size 2048K, 1 young (2048K), 1 survivors (2048K)
 Metaspace       used 28957K, committed 29184K, reserved 1114112K
  class space    used 2304K, committed 2432K, reserved 1048576K
}
Event: 75.853 GC heap before
{Heap before GC invocations=200 (full 0):
 garbage-first heap   total 178176K, used 78648K [0x000000070ac00000, 0x0000000800000000)
  region size 2048K, 2 young (4096K), 1 survivors (2048K)
 Metaspace       used 28957K, committed 29184K, reserved 1114112K
  class space    used 2304K, committed 2432K, reserved 1048576K
}
Event: 75.855 GC heap after
{Heap after GC invocations=201 (full 0):
 garbage-first heap   total 178176K, used 49976K [0x000000070ac00000, 0x0000000800000000)
  region size 2048K, 1 young (2048K), 1 survivors (2048K)
 Metaspace       used 28957K, committed 29184K, reserved 1114112K
  class space    used 2304K, committed 2432K, reserved 1048576K
}
Event: 76.203 GC heap before
{Heap before GC invocations=201 (full 0):
 garbage-first heap   total 178176K, used 78648K [0x000000070ac00000, 0x0000000800000000)
  region size 2048K, 2 young (4096K), 1 survivors (2048K)
 Metaspace       used 28957K, committed 29184K, reserved 1114112K
  class space    used 2304K, committed 2432K, reserved 1048576K
}
Event: 76.204 GC heap after
{Heap after GC invocations=202 (full 0):
 garbage-first heap   total 178176K, used 49972K [0x000000070ac00000, 0x0000000800000000)
  region size 2048K, 1 young (2048K), 1 survivors (2048K)
 Metaspace       used 28957K, committed 29184K, reserved 1114112K
  class space    used 2304K, committed 2432K, reserved 1048576K
}
Event: 76.545 GC heap before
{Heap before GC invocations=202 (full 0):
 garbage-first heap   total 178176K, used 78644K [0x000000070ac00000, 0x0000000800000000)
  region size 2048K, 2 young (4096K), 1 survivors (2048K)
 Metaspace       used 28957K, committed 29184K, reserved 1114112K
  class space    used 2304K, committed 2432K, reserved 1048576K
}
Event: 76.546 GC heap after
{Heap after GC invocations=203 (full 0):
 garbage-first heap   total 178176K, used 49976K [0x000000070ac00000, 0x0000000800000000)
  region size 2048K, 1 young (2048K), 1 survivors (2048K)
 Metaspace       used 28957K, committed 29184K, reserved 1114112K
  class space    used 2304K, committed 2432K, reserved 1048576K
}
Event: 76.888 GC heap before
{Heap before GC invocations=203 (full 0):
 garbage-first heap   total 178176K, used 78648K [0x000000070ac00000, 0x0000000800000000)
  region size 2048K, 2 young (4096K), 1 survivors (2048K)
 Metaspace       used 28957K, committed 29184K, reserved 1114112K
  class space    used 2304K, committed 2432K, reserved 1048576K
}
Event: 76.889 GC heap after
{Heap after GC invocations=204 (full 0):
 garbage-first heap   total 178176K, used 49974K [0x000000070ac00000, 0x0000000800000000)
  region size 2048K, 1 young (2048K), 1 survivors (2048K)
 Metaspace       used 28957K, committed 29184K, reserved 1114112K
  class space    used 2304K, committed 2432K, reserved 1048576K
}
Event: 77.233 GC heap before
{Heap before GC invocations=204 (full 0):
 garbage-first heap   total 178176K, used 78646K [0x000000070ac00000, 0x0000000800000000)
  region size 2048K, 2 young (4096K), 1 survivors (2048K)
 Metaspace       used 28957K, committed 29184K, reserved 1114112K
  class space    used 2304K, committed 2432K, reserved 1048576K
}
Event: 77.234 GC heap after
{Heap after GC invocations=205 (full 0):
 garbage-first heap   total 178176K, used 49974K [0x000000070ac00000, 0x0000000800000000)
  region size 2048K, 1 young (2048K), 1 survivors (2048K)
 Metaspace       used 28957K, committed 29184K, reserved 1114112K
  class space    used 2304K, committed 2432K, reserved 1048576K
}
Event: 77.592 GC heap before
{Heap before GC invocations=205 (full 0):
 garbage-first heap   total 178176K, used 80694K [0x000000070ac00000, 0x0000000800000000)
  region size 2048K, 3 young (6144K), 1 survivors (2048K)
 Metaspace       used 29253K, committed 29440K, reserved 1114112K
  class space    used 2340K, committed 2432K, reserved 1048576K
}
Event: 77.593 GC heap after
{Heap after GC invocations=206 (full 0):
 garbage-first heap   total 178176K, used 50407K [0x000000070ac00000, 0x0000000800000000)
  region size 2048K, 1 young (2048K), 1 survivors (2048K)
 Metaspace       used 29253K, committed 29440K, reserved 1114112K
  class space    used 2340K, committed 2432K, reserved 1048576K
}

